
> Configure project :app
e: file:///E:/Cursor%20Play%20ground/PVC-Perseverance/app/build.gradle.kts:24:31: Unresolved reference: util

FAILURE: Build failed with an exception.

* Where:
Build file 'E:\Cursor Play ground\PVC-Perseverance\app\build.gradle.kts' line: 24

* What went wrong:
Script compilation error:

  Line 24:         val properties = java.util.Properties()
                                         ^ Unresolved reference: util

1 error

* Try:
> Run with --stacktrace option to get the stack trace.
> Run with --info or --debug option to get more log output.
> Run with --scan to get full insights.
> Get more help at https://help.gradle.org.

BUILD FAILED in 22s
