> Task :app:clean
> Task :app:preBuild UP-TO-DATE
> Task :app:preDebugBuild UP-TO-DATE
> Task :app:mergeDebugNativeDebugMetadata NO-SOURCE
> Task :app:checkKotlinGradlePluginConfigurationErrors SKIPPED
> Task :app:generateDebugBuildConfig
> Task :app:processDebugNavigationResources
> Task :app:compileDebugNavigationResources
> Task :app:generateDebugResValues
> Task :app:injectCrashlyticsMappingFileIdDebug
> Task :app:processDebugGoogleServices
> Task :app:mapDebugSourceSetPaths
> Task :app:checkDebugAarMetadata
> Task :app:generateDebugResources
> Task :app:packageDebugResources
> Task :app:createDebugCompatibleScreenManifests
> Task :app:extractDeepLinksDebug
> Task :app:parseDebugLocalResources
> Task :app:processDebugMainManifest
> Task :app:processDebugManifest
> Task :app:javaPreCompileDebug
> Task :app:mergeDebugShaders
> Task :app:compileDebugShaders NO-SOURCE
> Task :app:generateDebugAssets UP-TO-DATE
> Task :app:mergeDebugAssets
> Task :app:compressDebugAssets
> Task :app:desugarDebugFileDependencies
> Task :app:mergeDebugJniLibFolders
> Task :app:validateSigningDebug
> Task :app:writeDebugAppMetadata
> Task :app:writeDebugSigningConfigVersions
> Task :app:processDebugManifestForPackage
> Task :app:mergeDebugNativeLibs

> Task :app:stripDebugDebugSymbols
Unable to strip the following libraries, packaging them as they are: libandroidx.graphics.path.so, libdatastore_shared_counter.so. Run with --info option to learn more.

> Task :app:checkDebugDuplicateClasses
> Task :app:mergeLibDexDebug
> Task :app:mergeDebugResources
> Task :app:processDebugResources
> Task :app:mergeExtDexDebug

> Task :app:compileDebugKotlin FAILED
e: file:///E:/Cursor%20Play%20ground/PVC-Perseverance/app/src/main/java/com/perseverance/pvc/data/remote/SupabaseClient.kt:13:35 Unresolved reference 'SUPABASE_URL'.
e: file:///E:/Cursor%20Play%20ground/PVC-Perseverance/app/src/main/java/com/perseverance/pvc/data/remote/SupabaseClient.kt:14:35 Unresolved reference 'SUPABASE_ANON_KEY'.
e: file:///E:/Cursor%20Play%20ground/PVC-Perseverance/app/src/main/java/com/perseverance/pvc/data/repository/AuthRepository.kt:12:46 Unresolved reference 'IDToken'.
e: file:///E:/Cursor%20Play%20ground/PVC-Perseverance/app/src/main/java/com/perseverance/pvc/data/repository/AuthRepository.kt:80:41 Unresolved reference 'GOOGLE_WEB_CLIENT_ID'.
e: file:///E:/Cursor%20Play%20ground/PVC-Perseverance/app/src/main/java/com/perseverance/pvc/data/repository/AuthRepository.kt:90:16 Cannot infer type for this parameter. Please specify it explicitly.
e: file:///E:/Cursor%20Play%20ground/PVC-Perseverance/app/src/main/java/com/perseverance/pvc/data/repository/AuthRepository.kt:90:16 Not enough information to infer type argument for 'T'.
e: file:///E:/Cursor%20Play%20ground/PVC-Perseverance/app/src/main/java/com/perseverance/pvc/data/repository/AuthRepository.kt:90:44 Cannot infer type for this parameter. Please specify it explicitly.
e: file:///E:/Cursor%20Play%20ground/PVC-Perseverance/app/src/main/java/com/perseverance/pvc/data/repository/AuthRepository.kt:96:35 Cannot infer type for this parameter. Please specify it explicitly.
e: file:///E:/Cursor%20Play%20ground/PVC-Perseverance/app/src/main/java/com/perseverance/pvc/data/repository/AuthRepository.kt:96:46 Unresolved reference 'IDToken'.
e: file:///E:/Cursor%20Play%20ground/PVC-Perseverance/app/src/main/java/com/perseverance/pvc/data/repository/AuthRepository.kt:96:55 Cannot infer type for this parameter. Please specify it explicitly.
e: file:///E:/Cursor%20Play%20ground/PVC-Perseverance/app/src/main/java/com/perseverance/pvc/data/repository/AuthRepository.kt:97:25 Cannot infer type for this parameter. Please specify it explicitly.
e: file:///E:/Cursor%20Play%20ground/PVC-Perseverance/app/src/main/java/com/perseverance/pvc/data/repository/AuthRepository.kt:97:30 Unresolved reference 'idToken'.
e: file:///E:/Cursor%20Play%20ground/PVC-Perseverance/app/src/main/java/com/perseverance/pvc/data/repository/AuthRepository.kt:98:25 Cannot infer type for this parameter. Please specify it explicitly.
e: file:///E:/Cursor%20Play%20ground/PVC-Perseverance/app/src/main/java/com/perseverance/pvc/data/repository/AuthRepository.kt:98:30 Unresolved reference 'provider'.
e: file:///E:/Cursor%20Play%20ground/PVC-Perseverance/app/src/main/java/com/perseverance/pvc/data/repository/AuthRepository.kt:106:18 Syntax error: Expecting 'catch' or 'finally'.
e: file:///E:/Cursor%20Play%20ground/PVC-Perseverance/app/src/main/java/com/perseverance/pvc/data/repository/AuthRepository.kt:106:19 Syntax error: Unexpected tokens (use ';' to separate expressions on the same line).
e: file:///E:/Cursor%20Play%20ground/PVC-Perseverance/app/src/main/java/com/perseverance/pvc/data/repository/AuthRepository.kt:107:28 Cannot infer type for this parameter. Please specify it explicitly.
e: file:///E:/Cursor%20Play%20ground/PVC-Perseverance/app/src/main/java/com/perseverance/pvc/data/repository/AuthRepository.kt:107:28 Not enough information to infer type argument for 'T'.
e: file:///E:/Cursor%20Play%20ground/PVC-Perseverance/app/src/main/java/com/perseverance/pvc/data/repository/AuthRepository.kt:109:15 Unresolved reference 'catch'.
e: file:///E:/Cursor%20Play%20ground/PVC-Perseverance/app/src/main/java/com/perseverance/pvc/data/repository/AuthRepository.kt:109:22 Unresolved reference 'e'.
e: file:///E:/Cursor%20Play%20ground/PVC-Perseverance/app/src/main/java/com/perseverance/pvc/data/repository/AuthRepository.kt:109:23 Syntax error: Expecting ')'.
e: file:///E:/Cursor%20Play%20ground/PVC-Perseverance/app/src/main/java/com/perseverance/pvc/data/repository/AuthRepository.kt:109:23 Syntax error: Unexpected tokens (use ';' to separate expressions on the same line).
e: file:///E:/Cursor%20Play%20ground/PVC-Perseverance/app/src/main/java/com/perseverance/pvc/data/repository/AuthRepository.kt:110:65 Unresolved reference 'e'.
e: file:///E:/Cursor%20Play%20ground/PVC-Perseverance/app/src/main/java/com/perseverance/pvc/data/repository/AuthRepository.kt:111:24 Cannot infer type for this parameter. Please specify it explicitly.
e: file:///E:/Cursor%20Play%20ground/PVC-Perseverance/app/src/main/java/com/perseverance/pvc/data/repository/AuthRepository.kt:111:24 Not enough information to infer type argument for 'T'.
e: file:///E:/Cursor%20Play%20ground/PVC-Perseverance/app/src/main/java/com/perseverance/pvc/data/repository/AuthRepository.kt:111:32 Unresolved reference 'e'.
e: file:///E:/Cursor%20Play%20ground/PVC-Perseverance/app/src/main/java/com/perseverance/pvc/data/repository/AuthRepository.kt:112:15 Unresolved reference 'catch'.
e: file:///E:/Cursor%20Play%20ground/PVC-Perseverance/app/src/main/java/com/perseverance/pvc/data/repository/AuthRepository.kt:112:22 Unresolved reference 'e'.
e: file:///E:/Cursor%20Play%20ground/PVC-Perseverance/app/src/main/java/com/perseverance/pvc/data/repository/AuthRepository.kt:112:23 Syntax error: Expecting ')'.
e: file:///E:/Cursor%20Play%20ground/PVC-Perseverance/app/src/main/java/com/perseverance/pvc/data/repository/AuthRepository.kt:112:23 Syntax error: Unexpected tokens (use ';' to separate expressions on the same line).
e: file:///E:/Cursor%20Play%20ground/PVC-Perseverance/app/src/main/java/com/perseverance/pvc/data/repository/AuthRepository.kt:113:65 Unresolved reference 'e'.
e: file:///E:/Cursor%20Play%20ground/PVC-Perseverance/app/src/main/java/com/perseverance/pvc/data/repository/AuthRepository.kt:114:24 Cannot infer type for this parameter. Please specify it explicitly.
e: file:///E:/Cursor%20Play%20ground/PVC-Perseverance/app/src/main/java/com/perseverance/pvc/data/repository/AuthRepository.kt:114:24 Not enough information to infer type argument for 'T'.
e: file:///E:/Cursor%20Play%20ground/PVC-Perseverance/app/src/main/java/com/perseverance/pvc/data/repository/AuthRepository.kt:114:32 Unresolved reference 'e'.
e: file:///E:/Cursor%20Play%20ground/PVC-Perseverance/app/src/main/java/com/perseverance/pvc/data/repository/AuthRepository.kt:123:17 Unresolved reference 'supabase'.
e: file:///E:/Cursor%20Play%20ground/PVC-Perseverance/app/src/main/java/com/perseverance/pvc/data/repository/AuthRepository.kt:127:49 Unresolved reference 'GOOGLE_WEB_CLIENT_ID'.
e: file:///E:/Cursor%20Play%20ground/PVC-Perseverance/app/src/main/java/com/perseverance/pvc/data/repository/AuthRepository.kt:130:65 Unresolved reference 'context'.
e: file:///E:/Cursor%20Play%20ground/PVC-Perseverance/app/src/main/java/com/perseverance/pvc/data/repository/AuthRepository.kt:145:17 Unresolved reference 'supabase'.
e: file:///E:/Cursor%20Play%20ground/PVC-Perseverance/app/src/main/java/com/perseverance/pvc/data/repository/AuthRepository.kt:153:1 Syntax error: Expecting a top level declaration.
e: file:///E:/Cursor%20Play%20ground/PVC-Perseverance/app/src/main/java/com/perseverance/pvc/ui/viewmodel/AuthViewModel.kt:88:28 Unresolved reference 'signOut'.
e: file:///E:/Cursor%20Play%20ground/PVC-Perseverance/app/src/main/java/com/perseverance/pvc/ui/viewmodel/AuthViewModel.kt:97:41 Unresolved reference 'resetPassword'.

FAILURE: Build failed with an exception.

* What went wrong:
Execution failed for task ':app:compileDebugKotlin'.
> A failure occurred while executing org.jetbrains.kotlin.compilerRunner.GradleCompilerRunnerWithWorkers$GradleKotlinCompilerWorkAction
   > Compilation error. See log for more details

* Try:
> Run with --stacktrace option to get the stack trace.
> Run with --info or --debug option to get more log output.
> Run with --scan to get full insights.
> Get more help at https://help.gradle.org.

BUILD FAILED in 26s
34 actionable tasks: 34 executed
