> Task :app:preBuild UP-TO-DATE
> Task :app:preDebugBuild UP-TO-DATE
> Task :app:mergeDebugNativeDebugMetadata NO-SOURCE
> Task :app:checkKotlinGradlePluginConfigurationErrors SKIPPED
> Task :app:processDebugNavigationResources UP-TO-DATE
> Task :app:compileDebugNavigationResources UP-TO-DATE
> Task :app:generateDebugResValues UP-TO-DATE
> Task :app:checkDebugAarMetadata
> Task :app:injectCrashlyticsMappingFileIdDebug UP-TO-DATE
> Task :app:processDebugGoogleServices UP-TO-DATE
> Task :app:mapDebugSourceSetPaths
> Task :app:generateDebugResources UP-TO-DATE
> Task :app:packageDebugResources UP-TO-DATE
> Task :app:parseDebugLocalResources UP-TO-DATE
> Task :app:createDebugCompatibleScreenManifests UP-TO-DATE
> Task :app:extractDeepLinksDebug UP-TO-DATE
> Task :app:processDebugMainManifest
> Task :app:processDebugManifest
> Task :app:javaPreCompileDebug UP-TO-DATE
> Task :app:mergeDebugShaders UP-TO-DATE
> Task :app:compileDebugShaders NO-SOURCE
> Task :app:generateDebugAssets UP-TO-DATE
> Task :app:mergeDebugAssets UP-TO-DATE
> Task :app:compressDebugAssets UP-TO-DATE
> Task :app:desugarDebugFileDependencies UP-TO-DATE
> Task :app:mergeDebugJniLibFolders
> Task :app:checkDebugDuplicateClasses
> Task :app:mergeDebugResources
> Task :app:mergeDebugNativeLibs
> Task :app:mergeLibDexDebug
> Task :app:validateSigningDebug
> Task :app:writeDebugAppMetadata

> Task :app:stripDebugDebugSymbols
Unable to strip the following libraries, packaging them as they are: libandroidx.graphics.path.so, libdatastore_shared_counter.so. Run with --info option to learn more.

> Task :app:writeDebugSigningConfigVersions
> Task :app:processDebugManifestForPackage
> Task :app:processDebugResources

> Task :app:compileDebugKotlin FAILED
e: file:///E:/Cursor%20Play%20ground/PVC-Perseverance/app/src/main/java/com/perseverance/pvc/data/SocialRepository.kt:4:33 Unresolved reference 'ktx'.
e: file:///E:/Cursor%20Play%20ground/PVC-Perseverance/app/src/main/java/com/perseverance/pvc/data/SocialRepository.kt:7:38 Unresolved reference 'ktx'.
e: file:///E:/Cursor%20Play%20ground/PVC-Perseverance/app/src/main/java/com/perseverance/pvc/data/SocialRepository.kt:8:28 Unresolved reference 'ktx'.
e: file:///E:/Cursor%20Play%20ground/PVC-Perseverance/app/src/main/java/com/perseverance/pvc/data/SocialRepository.kt:35:22 Unresolved reference 'Firebase'.
e: file:///E:/Cursor%20Play%20ground/PVC-Perseverance/app/src/main/java/com/perseverance/pvc/data/SocialRepository.kt:36:24 Unresolved reference 'Firebase'.
e: file:///E:/Cursor%20Play%20ground/PVC-Perseverance/app/src/main/java/com/perseverance/pvc/ui/screens/GroupScreen.kt:13:33 Unresolved reference 'ktx'.
e: file:///E:/Cursor%20Play%20ground/PVC-Perseverance/app/src/main/java/com/perseverance/pvc/ui/screens/GroupScreen.kt:14:28 Unresolved reference 'ktx'.
e: file:///E:/Cursor%20Play%20ground/PVC-Perseverance/app/src/main/java/com/perseverance/pvc/ui/screens/GroupScreen.kt:52:38 Unresolved reference 'Firebase'.
e: file:///E:/Cursor%20Play%20ground/PVC-Perseverance/app/src/main/java/com/perseverance/pvc/utils/GoogleAuthClient.kt:15:33 Unresolved reference 'ktx'.
e: file:///E:/Cursor%20Play%20ground/PVC-Perseverance/app/src/main/java/com/perseverance/pvc/utils/GoogleAuthClient.kt:16:28 Unresolved reference 'ktx'.
e: file:///E:/Cursor%20Play%20ground/PVC-Perseverance/app/src/main/java/com/perseverance/pvc/utils/GoogleAuthClient.kt:23:38 Unresolved reference 'Firebase'.
e: file:///E:/Cursor%20Play%20ground/PVC-Perseverance/app/src/main/java/com/perseverance/pvc/utils/GoogleAuthClient.kt:32:77 Unresolved reference 'default_web_client_id'.

> Task :app:mergeExtDexDebug

FAILURE: Build failed with an exception.

* What went wrong:
Execution failed for task ':app:compileDebugKotlin'.
> A failure occurred while executing org.jetbrains.kotlin.compilerRunner.GradleCompilerRunnerWithWorkers$GradleKotlinCompilerWorkAction
   > Compilation error. See log for more details

* Try:
> Run with --stacktrace option to get the stack trace.
> Run with --info or --debug option to get more log output.
> Run with --scan to get full insights.
> Get more help at https://help.gradle.org.

BUILD FAILED in 22s
32 actionable tasks: 17 executed, 15 up-to-date
