> Task :app:checkKotlinGradlePluginConfigurationErrors SKIPPED
> Task :app:preBuild UP-TO-DATE
> Task :app:preDebugBuild UP-TO-DATE
> Task :app:checkDebugAarMetadata UP-TO-DATE
> Task :app:processDebugNavigationResources UP-TO-DATE
> Task :app:compileDebugNavigationResources UP-TO-DATE
> Task :app:generateDebugResValues UP-TO-DATE
> Task :app:injectCrashlyticsMappingFileIdDebug UP-TO-DATE
> Task :app:processDebugGoogleServices UP-TO-DATE
> Task :app:mapDebugSourceSetPaths UP-TO-DATE
> Task :app:generateDebugResources UP-TO-DATE
> Task :app:mergeDebugResources UP-TO-DATE
> Task :app:packageDebugResources UP-TO-DATE
> Task :app:parseDebugLocalResources UP-TO-DATE
> Task :app:createDebugCompatibleScreenManifests UP-TO-DATE
> Task :app:extractDeepLinksDebug UP-TO-DATE
> Task :app:processDebugMainManifest UP-TO-DATE
> Task :app:processDebugManifest UP-TO-DATE
> Task :app:processDebugManifestForPackage UP-TO-DATE
> Task :app:processDebugResources UP-TO-DATE

> Task :app:compileDebugKotlin FAILED
e: file:///E:/Cursor%20Play%20ground/PVC-Perseverance/app/src/main/java/com/perseverance/pvc/data/AuthRepository.kt:4:38 Unresolved reference 'gotrue'.
e: file:///E:/Cursor%20Play%20ground/PVC-Perseverance/app/src/main/java/com/perseverance/pvc/data/AuthRepository.kt:6:38 Unresolved reference 'status'.
e: file:///E:/Cursor%20Play%20ground/PVC-Perseverance/app/src/main/java/com/perseverance/pvc/data/AuthRepository.kt:10:46 Unresolved reference 'gotrue'.
e: file:///E:/Cursor%20Play%20ground/PVC-Perseverance/app/src/main/java/com/perseverance/pvc/data/AuthRepository.kt:12:29 Unresolved reference 'SessionStatus'.
e: file:///E:/Cursor%20Play%20ground/PVC-Perseverance/app/src/main/java/com/perseverance/pvc/data/SocialRepository.kt:6:38 Unresolved reference 'gotrue'.
e: file:///E:/Cursor%20Play%20ground/PVC-Perseverance/app/src/main/java/com/perseverance/pvc/data/SocialRepository.kt:49:27 Unresolved reference 'gotrue'.
e: file:///E:/Cursor%20Play%20ground/PVC-Perseverance/app/src/main/java/com/perseverance/pvc/data/SocialRepository.kt:70:27 Unresolved reference 'gotrue'.
e: file:///E:/Cursor%20Play%20ground/PVC-Perseverance/app/src/main/java/com/perseverance/pvc/data/SocialRepository.kt:89:27 Unresolved reference 'gotrue'.
e: file:///E:/Cursor%20Play%20ground/PVC-Perseverance/app/src/main/java/com/perseverance/pvc/data/SocialRepository.kt:108:34 Unresolved reference 'gotrue'.
e: file:///E:/Cursor%20Play%20ground/PVC-Perseverance/app/src/main/java/com/perseverance/pvc/data/SocialRepository.kt:163:34 Unresolved reference 'gotrue'.
e: file:///E:/Cursor%20Play%20ground/PVC-Perseverance/app/src/main/java/com/perseverance/pvc/data/SocialRepository.kt:189:34 Unresolved reference 'gotrue'.
e: file:///E:/Cursor%20Play%20ground/PVC-Perseverance/app/src/main/java/com/perseverance/pvc/di/SupabaseModule.kt:4:38 Unresolved reference 'GoTrue'.
e: file:///E:/Cursor%20Play%20ground/PVC-Perseverance/app/src/main/java/com/perseverance/pvc/di/SupabaseModule.kt:19:9 Cannot infer type for this parameter. Please specify it explicitly.
e: file:///E:/Cursor%20Play%20ground/PVC-Perseverance/app/src/main/java/com/perseverance/pvc/di/SupabaseModule.kt:19:17 Unresolved reference 'GoTrue'.
e: file:///E:/Cursor%20Play%20ground/PVC-Perseverance/app/src/main/java/com/perseverance/pvc/ui/viewmodel/SocialViewModel.kt:12:38 Unresolved reference 'status'.
e: file:///E:/Cursor%20Play%20ground/PVC-Perseverance/app/src/main/java/com/perseverance/pvc/ui/viewmodel/SocialViewModel.kt:52:42 Cannot infer type for this parameter. Please specify it explicitly.
e: file:///E:/Cursor%20Play%20ground/PVC-Perseverance/app/src/main/java/com/perseverance/pvc/ui/viewmodel/SocialViewModel.kt:52:42 Unresolved reference. None of the following candidates is applicable because of a receiver type mismatch:
suspend fun <T> Flow<T>.collectLatest(action: suspend (@ParameterName(...) T) -> Unit): Unit
e: file:///E:/Cursor%20Play%20ground/PVC-Perseverance/app/src/main/java/com/perseverance/pvc/ui/viewmodel/SocialViewModel.kt:52:58 Cannot infer type for this parameter. Please specify it explicitly.
e: file:///E:/Cursor%20Play%20ground/PVC-Perseverance/app/src/main/java/com/perseverance/pvc/ui/viewmodel/SocialViewModel.kt:54:24 Unresolved reference 'SessionStatus'.
e: file:///E:/Cursor%20Play%20ground/PVC-Perseverance/app/src/main/java/com/perseverance/pvc/ui/viewmodel/SocialViewModel.kt:55:46 Unresolved reference 'session'.
e: file:///E:/Cursor%20Play%20ground/PVC-Perseverance/app/src/main/java/com/perseverance/pvc/ui/viewmodel/SocialViewModel.kt:74:24 Unresolved reference 'SessionStatus'.

FAILURE: Build failed with an exception.

* What went wrong:
Execution failed for task ':app:compileDebugKotlin'.
> A failure occurred while executing org.jetbrains.kotlin.compilerRunner.GradleCompilerRunnerWithWorkers$GradleKotlinCompilerWorkAction
   > Compilation error. See log for more details

* Try:
> Run with --stacktrace option to get the stack trace.
> Run with --info or --debug option to get more log output.
> Run with --scan to get full insights.
> Get more help at https://help.gradle.org.

BUILD FAILED in 5s
18 actionable tasks: 1 executed, 17 up-to-date
